<?xml version="1.0" encoding="UTF-8"?>
<!-- Generated by org.testng.reporters.JUnitReportReporter -->
<testsuite skipped="0" hostname="LAPTOP-B4PLOJLE" name="com.qa.hubspot.tests.LoginPageTest" tests="3" failures="0" timestamp="2020-08-04T13:29:09 CDT" time="8.790" errors="0">
  <testcase name="verifySignUpLinkTest" time="6.224" classname="com.qa.hubspot.tests.LoginPageTest"/>
  <testcase name="verifyLoginPageTitleTest" time="0.253" classname="com.qa.hubspot.tests.LoginPageTest"/>
  <testcase name="loginTest" time="2.313" classname="com.qa.hubspot.tests.LoginPageTest"/>
</testsuite> <!-- com.qa.hubspot.tests.LoginPageTest -->
