<?xml version="1.0" encoding="UTF-8"?>
<!-- Generated by org.testng.reporters.JUnitReportReporter -->
<testsuite skipped="0" hostname="LAPTOP-B4PLOJLE" name="com.qa.hubspot.tests.LoginPageTest" tests="3" failures="0" timestamp="2020-07-22T08:31:55 CDT" time="6.148" errors="0">
  <testcase name="verifySignUpLinkTest" time="4.607" classname="com.qa.hubspot.tests.LoginPageTest"/>
  <testcase name="verifyLoginPageTitleTest" time="0.100" classname="com.qa.hubspot.tests.LoginPageTest"/>
  <testcase name="loginTest" time="1.441" classname="com.qa.hubspot.tests.LoginPageTest"/>
</testsuite> <!-- com.qa.hubspot.tests.LoginPageTest -->
