<?xml version="1.0" encoding="UTF-8"?>
<!-- Generated by org.testng.reporters.JUnitReportReporter -->
<testsuite skipped="0" hostname="LAPTOP-B4PLOJLE" name="com.qa.hubspot.tests.LoginPageTest" tests="3" failures="0" timestamp="2020-07-15T09:12:16 CDT" time="6.805" errors="0">
  <testcase name="verifySignUpLinkTest" time="5.063" classname="com.qa.hubspot.tests.LoginPageTest"/>
  <testcase name="verifyLoginPageTitleTest" time="0.109" classname="com.qa.hubspot.tests.LoginPageTest"/>
  <testcase name="loginTest" time="1.633" classname="com.qa.hubspot.tests.LoginPageTest"/>
</testsuite> <!-- com.qa.hubspot.tests.LoginPageTest -->
