<?xml version="1.0" encoding="UTF-8"?>
<!-- Generated by org.testng.reporters.JUnitReportReporter -->
<testsuite skipped="0" hostname="LAPTOP-B4PLOJLE" name="com.qa.hubspot.tests.LoginPageTest" tests="3" failures="0" timestamp="22 Jul 2020 13:21:48 GMT" time="6.577" errors="0">
  <testcase name="verifySignUpLinkTest" time="4.999" classname="com.qa.hubspot.tests.LoginPageTest"/>
  <testcase name="verifyLoginPageTitleTest" time="0.093" classname="com.qa.hubspot.tests.LoginPageTest"/>
  <testcase name="loginTest" time="1.485" classname="com.qa.hubspot.tests.LoginPageTest"/>
</testsuite> <!-- com.qa.hubspot.tests.LoginPageTest -->
